<?xml version="1.0" encoding="UTF-8"?>
<!-- Generated by org.testng.reporters.JUnitXMLReporter -->
<testsuite hostname="Ravi-PC" ignored="4" name="FFBrowser" tests="1" failures="0" timestamp="2020-05-02T19:28:36 IST" time="9.318" errors="0">
  <testcase name="Login_with_with_set_of_Multiple_data" time="0.178" classname="org.devlab.ui.testbed.LoginTest"/>
  <testcase name="@BeforeSuite beforeSuiteExc" time="0.0" classname="org.devlab.ui.basetest.BaseClass">
    <ignored/>
  </testcase> <!-- @BeforeSuite beforeSuiteExc -->
  <testcase name="Login_with_with_set_of_valid_data" time="0.0" classname="org.devlab.ui.testbed.LoginTest">
    <ignored/>
  </testcase> <!-- Login_with_with_set_of_valid_data -->
  <testcase name="register_user_with_valid_setof_data" time="0.0" classname="org.devlab.ui.testbed.RegistrationTest">
    <ignored/>
  </testcase> <!-- register_user_with_valid_setof_data -->
  <testcase name="Login_with_with_set_of_Invalid_data" time="0.0" classname="org.devlab.ui.testbed.LoginTest">
    <ignored/>
  </testcase> <!-- Login_with_with_set_of_Invalid_data -->
</testsuite> <!-- FFBrowser -->
