<?xml version="1.0" encoding="UTF-8"?>
<testng-results skipped="0" failed="2" ignored="2" total="8" passed="4">
  <reporter-output>
  </reporter-output>
  <suite name="Suite" duration-ms="22981" started-at="2020-04-26T21:54:32 IST" finished-at="2020-04-26T21:54:54 IST">
    <groups>
    </groups>
    <test name="ChromeBrowser" duration-ms="17160" started-at="2020-04-26T21:54:32 IST" finished-at="2020-04-26T21:54:49 IST">
      <class name="org.devlab.ui.testbed.RegistrationTest">
        <test-method status="PASS" signature="initDriver(java.lang.String)[pri:0, instance:org.devlab.ui.testbed.RegistrationTest@5b87ed94]" name="initDriver" is-config="true" duration-ms="11022" started-at="2020-04-26T21:54:32 IST" finished-at="2020-04-26T21:54:43 IST">
          <params>
            <param index="0">
              <value>
                <![CDATA[Chrome]]>
              </value>
            </param>
          </params>
          <reporter-output>
          </reporter-output>
        </test-method> <!-- initDriver -->
        <test-method status="PASS" signature="register_user_with_valid_setof_data()[pri:0, instance:org.devlab.ui.testbed.RegistrationTest@5b87ed94]" name="register_user_with_valid_setof_data" duration-ms="2938" started-at="2020-04-26T21:54:43 IST" finished-at="2020-04-26T21:54:45 IST">
          <reporter-output>
          </reporter-output>
        </test-method> <!-- register_user_with_valid_setof_data -->
        <test-method status="PASS" signature="teardown(org.testng.ITestResult)[pri:0, instance:org.devlab.ui.testbed.RegistrationTest@5b87ed94]" name="teardown" is-config="true" duration-ms="2946" started-at="2020-04-26T21:54:45 IST" finished-at="2020-04-26T21:54:48 IST">
          <params>
            <param index="0">
              <value>
                <![CDATA[[TestResult name=register_user_with_valid_setof_data status=SUCCESS method=RegistrationTest.register_user_with_valid_setof_data()[pri:0, instance:org.devlab.ui.testbed.RegistrationTest@5b87ed94] output={null}]]]>
              </value>
            </param>
          </params>
          <reporter-output>
          </reporter-output>
        </test-method> <!-- teardown -->
      </class> <!-- org.devlab.ui.testbed.RegistrationTest -->
      <class name="org.devlab.ui.testbed.LoginTest">
        <test-method status="PASS" signature="initDriver(java.lang.String)[pri:0, instance:org.devlab.ui.testbed.LoginTest@7fac631b]" name="initDriver" is-config="true" duration-ms="10877" started-at="2020-04-26T21:54:32 IST" finished-at="2020-04-26T21:54:42 IST">
          <params>
            <param index="0">
              <value>
                <![CDATA[Chrome]]>
              </value>
            </param>
          </params>
          <reporter-output>
          </reporter-output>
        </test-method> <!-- initDriver -->
        <test-method status="PASS" signature="initDriver(java.lang.String)[pri:0, instance:org.devlab.ui.testbed.LoginTest@7fac631b]" name="initDriver" is-config="true" duration-ms="11155" started-at="2020-04-26T21:54:32 IST" finished-at="2020-04-26T21:54:43 IST">
          <params>
            <param index="0">
              <value>
                <![CDATA[Chrome]]>
              </value>
            </param>
          </params>
          <reporter-output>
          </reporter-output>
        </test-method> <!-- initDriver -->
        <test-method status="FAIL" signature="Login_with_with_set_of_valid_data()[pri:0, instance:org.devlab.ui.testbed.LoginTest@7fac631b]" name="Login_with_with_set_of_valid_data" duration-ms="3278" started-at="2020-04-26T21:54:42 IST" finished-at="2020-04-26T21:54:46 IST">
          <exception class="java.lang.AssertionError">
            <message>
              <![CDATA[Failed to login into application with valid set of user : validuser,validpwd expected [true] but found [false]]]>
            </message>
            <full-stacktrace>
              <![CDATA[java.lang.AssertionError: Failed to login into application with valid set of user : validuser,validpwd expected [true] but found [false]
at org.testng.Assert.fail(Assert.java:97)
at org.testng.Assert.failNotEquals(Assert.java:968)
at org.testng.Assert.assertTrue(Assert.java:43)
at org.devlab.ui.testbed.LoginTest.Login_with_with_set_of_valid_data(LoginTest.java:21)
at sun.reflect.NativeMethodAccessorImpl.invoke0(Native Method)
at sun.reflect.NativeMethodAccessorImpl.invoke(NativeMethodAccessorImpl.java:62)
at sun.reflect.DelegatingMethodAccessorImpl.invoke(DelegatingMethodAccessorImpl.java:43)
at java.lang.reflect.Method.invoke(Method.java:498)
at org.testng.internal.MethodInvocationHelper.invokeMethod(MethodInvocationHelper.java:135)
at org.testng.internal.TestInvoker.invokeMethod(TestInvoker.java:598)
at org.testng.internal.TestInvoker.invokeTestMethod(TestInvoker.java:174)
at org.testng.internal.MethodRunner.runInSequence(MethodRunner.java:46)
at org.testng.internal.TestInvoker$MethodInvocationAgent.invoke(TestInvoker.java:821)
at org.testng.internal.TestInvoker.invokeTestMethods(TestInvoker.java:147)
at org.testng.internal.TestMethodWorker.invokeTestMethods(TestMethodWorker.java:146)
at org.testng.internal.TestMethodWorker.run(TestMethodWorker.java:128)
at java.util.concurrent.ThreadPoolExecutor.runWorker(ThreadPoolExecutor.java:1149)
at java.util.concurrent.ThreadPoolExecutor$Worker.run(ThreadPoolExecutor.java:624)
at java.lang.Thread.run(Thread.java:748)
]]>
            </full-stacktrace>
          </exception> <!-- java.lang.AssertionError -->
          <reporter-output>
          </reporter-output>
        </test-method> <!-- Login_with_with_set_of_valid_data -->
        <test-method status="PASS" signature="Login_with_with_set_of_Invalid_data()[pri:0, instance:org.devlab.ui.testbed.LoginTest@7fac631b]" name="Login_with_with_set_of_Invalid_data" duration-ms="3293" started-at="2020-04-26T21:54:43 IST" finished-at="2020-04-26T21:54:46 IST">
          <reporter-output>
          </reporter-output>
        </test-method> <!-- Login_with_with_set_of_Invalid_data -->
        <test-method status="PASS" signature="teardown(org.testng.ITestResult)[pri:0, instance:org.devlab.ui.testbed.LoginTest@7fac631b]" name="teardown" is-config="true" duration-ms="2984" started-at="2020-04-26T21:54:46 IST" finished-at="2020-04-26T21:54:49 IST">
          <params>
            <param index="0">
              <value>
                <![CDATA[[TestResult name=Login_with_with_set_of_valid_data status=FAILURE method=LoginTest.Login_with_with_set_of_valid_data()[pri:0, instance:org.devlab.ui.testbed.LoginTest@7fac631b] output={null}]]]>
              </value>
            </param>
          </params>
          <reporter-output>
          </reporter-output>
        </test-method> <!-- teardown -->
        <test-method status="PASS" signature="teardown(org.testng.ITestResult)[pri:0, instance:org.devlab.ui.testbed.LoginTest@7fac631b]" name="teardown" is-config="true" duration-ms="2040" started-at="2020-04-26T21:54:46 IST" finished-at="2020-04-26T21:54:48 IST">
          <params>
            <param index="0">
              <value>
                <![CDATA[[TestResult name=Login_with_with_set_of_Invalid_data status=SUCCESS method=LoginTest.Login_with_with_set_of_Invalid_data()[pri:0, instance:org.devlab.ui.testbed.LoginTest@7fac631b] output={null}]]]>
              </value>
            </param>
          </params>
          <reporter-output>
          </reporter-output>
        </test-method> <!-- teardown -->
      </class> <!-- org.devlab.ui.testbed.LoginTest -->
    </test> <!-- ChromeBrowser -->
    <test name="FFBrowser" duration-ms="22980" started-at="2020-04-26T21:54:32 IST" finished-at="2020-04-26T21:54:54 IST">
      <class name="org.devlab.ui.testbed.RegistrationTest">
        <test-method status="PASS" signature="initDriver(java.lang.String)[pri:0, instance:org.devlab.ui.testbed.RegistrationTest@9660f4e]" name="initDriver" is-config="true" duration-ms="16974" started-at="2020-04-26T21:54:32 IST" finished-at="2020-04-26T21:54:49 IST">
          <params>
            <param index="0">
              <value>
                <![CDATA[FF]]>
              </value>
            </param>
          </params>
          <reporter-output>
          </reporter-output>
        </test-method> <!-- initDriver -->
        <test-method status="PASS" signature="register_user_with_valid_setof_data()[pri:0, instance:org.devlab.ui.testbed.RegistrationTest@9660f4e]" name="register_user_with_valid_setof_data" duration-ms="2793" started-at="2020-04-26T21:54:49 IST" finished-at="2020-04-26T21:54:51 IST">
          <reporter-output>
          </reporter-output>
        </test-method> <!-- register_user_with_valid_setof_data -->
        <test-method status="PASS" signature="teardown(org.testng.ITestResult)[pri:0, instance:org.devlab.ui.testbed.RegistrationTest@9660f4e]" name="teardown" is-config="true" duration-ms="3195" started-at="2020-04-26T21:54:51 IST" finished-at="2020-04-26T21:54:54 IST">
          <params>
            <param index="0">
              <value>
                <![CDATA[[TestResult name=register_user_with_valid_setof_data status=SUCCESS method=RegistrationTest.register_user_with_valid_setof_data()[pri:0, instance:org.devlab.ui.testbed.RegistrationTest@9660f4e] output={null}]]]>
              </value>
            </param>
          </params>
          <reporter-output>
          </reporter-output>
        </test-method> <!-- teardown -->
      </class> <!-- org.devlab.ui.testbed.RegistrationTest -->
      <class name="org.devlab.ui.testbed.LoginTest">
        <test-method status="PASS" signature="beforeSuiteExc()[pri:0, instance:org.devlab.ui.testbed.LoginTest@7c29daf3]" name="beforeSuiteExc" is-config="true" duration-ms="7" started-at="2020-04-26T21:54:32 IST" finished-at="2020-04-26T21:54:32 IST">
          <reporter-output>
          </reporter-output>
        </test-method> <!-- beforeSuiteExc -->
        <test-method status="PASS" signature="initDriver(java.lang.String)[pri:0, instance:org.devlab.ui.testbed.LoginTest@7c29daf3]" name="initDriver" is-config="true" duration-ms="13026" started-at="2020-04-26T21:54:32 IST" finished-at="2020-04-26T21:54:45 IST">
          <params>
            <param index="0">
              <value>
                <![CDATA[FF]]>
              </value>
            </param>
          </params>
          <reporter-output>
          </reporter-output>
        </test-method> <!-- initDriver -->
        <test-method status="PASS" signature="initDriver(java.lang.String)[pri:0, instance:org.devlab.ui.testbed.LoginTest@7c29daf3]" name="initDriver" is-config="true" duration-ms="16594" started-at="2020-04-26T21:54:32 IST" finished-at="2020-04-26T21:54:48 IST">
          <params>
            <param index="0">
              <value>
                <![CDATA[FF]]>
              </value>
            </param>
          </params>
          <reporter-output>
          </reporter-output>
        </test-method> <!-- initDriver -->
        <test-method status="PASS" signature="Login_with_with_set_of_Invalid_data()[pri:0, instance:org.devlab.ui.testbed.LoginTest@7c29daf3]" name="Login_with_with_set_of_Invalid_data" duration-ms="4221" started-at="2020-04-26T21:54:45 IST" finished-at="2020-04-26T21:54:49 IST">
          <reporter-output>
          </reporter-output>
        </test-method> <!-- Login_with_with_set_of_Invalid_data -->
        <test-method status="FAIL" signature="Login_with_with_set_of_valid_data()[pri:0, instance:org.devlab.ui.testbed.LoginTest@7c29daf3]" name="Login_with_with_set_of_valid_data" duration-ms="2940" started-at="2020-04-26T21:54:48 IST" finished-at="2020-04-26T21:54:51 IST">
          <exception class="java.lang.AssertionError">
            <message>
              <![CDATA[Failed to login into application with valid set of user : validuser,validpwd expected [true] but found [false]]]>
            </message>
            <full-stacktrace>
              <![CDATA[java.lang.AssertionError: Failed to login into application with valid set of user : validuser,validpwd expected [true] but found [false]
at org.testng.Assert.fail(Assert.java:97)
at org.testng.Assert.failNotEquals(Assert.java:968)
at org.testng.Assert.assertTrue(Assert.java:43)
at org.devlab.ui.testbed.LoginTest.Login_with_with_set_of_valid_data(LoginTest.java:21)
at sun.reflect.NativeMethodAccessorImpl.invoke0(Native Method)
at sun.reflect.NativeMethodAccessorImpl.invoke(NativeMethodAccessorImpl.java:62)
at sun.reflect.DelegatingMethodAccessorImpl.invoke(DelegatingMethodAccessorImpl.java:43)
at java.lang.reflect.Method.invoke(Method.java:498)
at org.testng.internal.MethodInvocationHelper.invokeMethod(MethodInvocationHelper.java:135)
at org.testng.internal.TestInvoker.invokeMethod(TestInvoker.java:598)
at org.testng.internal.TestInvoker.invokeTestMethod(TestInvoker.java:174)
at org.testng.internal.MethodRunner.runInSequence(MethodRunner.java:46)
at org.testng.internal.TestInvoker$MethodInvocationAgent.invoke(TestInvoker.java:821)
at org.testng.internal.TestInvoker.invokeTestMethods(TestInvoker.java:147)
at org.testng.internal.TestMethodWorker.invokeTestMethods(TestMethodWorker.java:146)
at org.testng.internal.TestMethodWorker.run(TestMethodWorker.java:128)
at java.util.concurrent.ThreadPoolExecutor.runWorker(ThreadPoolExecutor.java:1149)
at java.util.concurrent.ThreadPoolExecutor$Worker.run(ThreadPoolExecutor.java:624)
at java.lang.Thread.run(Thread.java:748)
]]>
            </full-stacktrace>
          </exception> <!-- java.lang.AssertionError -->
          <reporter-output>
          </reporter-output>
        </test-method> <!-- Login_with_with_set_of_valid_data -->
        <test-method status="PASS" signature="teardown(org.testng.ITestResult)[pri:0, instance:org.devlab.ui.testbed.LoginTest@7c29daf3]" name="teardown" is-config="true" duration-ms="5366" started-at="2020-04-26T21:54:49 IST" finished-at="2020-04-26T21:54:54 IST">
          <params>
            <param index="0">
              <value>
                <![CDATA[[TestResult name=Login_with_with_set_of_Invalid_data status=SUCCESS method=LoginTest.Login_with_with_set_of_Invalid_data()[pri:0, instance:org.devlab.ui.testbed.LoginTest@7c29daf3] output={null}]]]>
              </value>
            </param>
          </params>
          <reporter-output>
          </reporter-output>
        </test-method> <!-- teardown -->
        <test-method status="PASS" signature="teardown(org.testng.ITestResult)[pri:0, instance:org.devlab.ui.testbed.LoginTest@7c29daf3]" name="teardown" is-config="true" duration-ms="3424" started-at="2020-04-26T21:54:51 IST" finished-at="2020-04-26T21:54:54 IST">
          <params>
            <param index="0">
              <value>
                <![CDATA[[TestResult name=Login_with_with_set_of_valid_data status=FAILURE method=LoginTest.Login_with_with_set_of_valid_data()[pri:0, instance:org.devlab.ui.testbed.LoginTest@7c29daf3] output={null}]]]>
              </value>
            </param>
          </params>
          <reporter-output>
          </reporter-output>
        </test-method> <!-- teardown -->
      </class> <!-- org.devlab.ui.testbed.LoginTest -->
    </test> <!-- FFBrowser -->
  </suite> <!-- Suite -->
</testng-results>
